<?xml version="1.0" encoding="UTF-8"?>
<testsuite xmlns:xsi="http://www.w3.org/2001/XMLSchema-instance" xsi:noNamespaceSchemaLocation="https://maven.apache.org/surefire/maven-surefire-plugin/xsd/surefire-test-report-3.0.xsd" version="3.0" name="org.example.calculator.CalculatorTest" time="0.058" tests="5" errors="0" skipped="0" failures="0">
  <properties>
[...]
</properties>
  <testcase name="div_byZero_shouldThrow" classname="org.example.calculator.CalculatorTest" time="0.025"/>
  <testcase name="div_shouldReturnQuotient" classname="org.example.calculator.CalculatorTest" time="0.002"/>
  <testcase name="sub_shouldReturnDiff" classname="org.example.calculator.CalculatorTest" time="0.001"/>
  <testcase name="mul_shouldReturnProduct" classname="org.example.calculator.CalculatorTest" time="0.001"/>
  <testcase name="add_shouldReturnSum" classname="org.example.calculator.CalculatorTest" time="0.001"/>
</testsuite>